[ 2017-02-11T22:05:20+08:00 ] ::1 /ykj/index.php
INFO: [ app_init ] --START--
INFO: Run Behavior\BuildLiteBehavior [ RunTime:0.000000s ]
INFO: [ app_init ] --END-- [ RunTime:0.043003s ]
INFO: [ app_begin ] --START--
INFO: Run Behavior\ReadHtmlCacheBehavior [ RunTime:0.004000s ]
INFO: [ app_begin ] --END-- [ RunTime:0.005001s ]
SQL: SHOW COLUMNS FROM `ykj_cate` [ RunTime:0.1100s ]
SQL: SELECT * FROM `ykj_cate` ORDER BY sort  [ RunTime:0.0010s ]
SQL: SHOW COLUMNS FROM `ykj_link` [ RunTime:0.1010s ]
SQL: SELECT * FROM `ykj_link` ORDER BY sort  [ RunTime:0.0020s ]
SQL: SHOW COLUMNS FROM `ykj_article` [ RunTime:0.0360s ]
SQL: SELECT * FROM `ykj_article` LIMIT 5   [ RunTime:0.0150s ]
SQL: SELECT COUNT(*) AS tp_count FROM `ykj_article` LIMIT 1   [ RunTime:0.0020s ]
SQL: SELECT * FROM `ykj_article` ORDER BY time desc LIMIT 0,2   [ RunTime:0.0030s ]
INFO: [ view_parse ] --START--
INFO: [ template_filter ] --START--
INFO: Run Behavior\ContentReplaceBehavior [ RunTime:0.002000s ]
INFO: [ template_filter ] --END-- [ RunTime:0.002000s ]
NOTIC: [8] Use of undefined constant id - assumed 'id' F:\wamp\www\ykj\Application\Runtime\Cache\Home\2a94b8bda04ff446dcedd42276fc99ee.php 第 40 行.
NOTIC: [8] Undefined variable: current F:\wamp\www\ykj\Application\Runtime\Cache\Home\2a94b8bda04ff446dcedd42276fc99ee.php 第 40 行.
NOTIC: [8] Use of undefined constant id - assumed 'id' F:\wamp\www\ykj\Application\Runtime\Cache\Home\2a94b8bda04ff446dcedd42276fc99ee.php 第 40 行.
NOTIC: [8] Undefined variable: current F:\wamp\www\ykj\Application\Runtime\Cache\Home\2a94b8bda04ff446dcedd42276fc99ee.php 第 40 行.
NOTIC: [8] Use of undefined constant id - assumed 'id' F:\wamp\www\ykj\Application\Runtime\Cache\Home\2a94b8bda04ff446dcedd42276fc99ee.php 第 40 行.
NOTIC: [8] Undefined variable: current F:\wamp\www\ykj\Application\Runtime\Cache\Home\2a94b8bda04ff446dcedd42276fc99ee.php 第 40 行.
INFO: Run Behavior\ParseTemplateBehavior [ RunTime:0.734042s ]
INFO: [ view_parse ] --END-- [ RunTime:0.736042s ]
INFO: [ view_filter ] --START--
INFO: Run Behavior\WriteHtmlCacheBehavior [ RunTime:0.042002s ]
INFO: [ view_filter ] --END-- [ RunTime:0.042002s ]
INFO: [ app_end ] --START--
INFO: Run Behavior\ShowPageTraceBehavior [ RunTime:0.003000s ]
INFO: [ app_end ] --END-- [ RunTime:0.004000s ]

[ 2017-02-11T22:05:49+08:00 ] ::1 /ykj/index.php
INFO: [ app_init ] --START--
INFO: Run Behavior\BuildLiteBehavior [ RunTime:0.000000s ]
INFO: [ app_init ] --END-- [ RunTime:0.003000s ]
INFO: [ app_begin ] --START--
INFO: Run Behavior\ReadHtmlCacheBehavior [ RunTime:0.005000s ]
INFO: [ app_begin ] --END-- [ RunTime:0.007000s ]
SQL: SHOW COLUMNS FROM `ykj_cate` [ RunTime:0.0170s ]
SQL: SELECT * FROM `ykj_cate` ORDER BY sort  [ RunTime:0.0020s ]
SQL: SHOW COLUMNS FROM `ykj_link` [ RunTime:0.0290s ]
SQL: SELECT * FROM `ykj_link` ORDER BY sort  [ RunTime:0.0020s ]
SQL: SHOW COLUMNS FROM `ykj_article` [ RunTime:0.0190s ]
SQL: SELECT * FROM `ykj_article` LIMIT 5   [ RunTime:0.0040s ]
SQL: SELECT COUNT(*) AS tp_count FROM `ykj_article` LIMIT 1   [ RunTime:0.0020s ]
SQL: SELECT * FROM `ykj_article` ORDER BY time desc LIMIT 0,2   [ RunTime:0.0030s ]
INFO: [ view_parse ] --START--
INFO: [ template_filter ] --START--
INFO: Run Behavior\ContentReplaceBehavior [ RunTime:0.000000s ]
INFO: [ template_filter ] --END-- [ RunTime:0.002000s ]
NOTIC: [8] Use of undefined constant id - assumed 'id' F:\wamp\www\ykj\Application\Runtime\Cache\Home\2a94b8bda04ff446dcedd42276fc99ee.php 第 40 行.
NOTIC: [8] Undefined variable: current F:\wamp\www\ykj\Application\Runtime\Cache\Home\2a94b8bda04ff446dcedd42276fc99ee.php 第 40 行.
NOTIC: [8] Use of undefined constant id - assumed 'id' F:\wamp\www\ykj\Application\Runtime\Cache\Home\2a94b8bda04ff446dcedd42276fc99ee.php 第 40 行.
NOTIC: [8] Undefined variable: current F:\wamp\www\ykj\Application\Runtime\Cache\Home\2a94b8bda04ff446dcedd42276fc99ee.php 第 40 行.
NOTIC: [8] Use of undefined constant id - assumed 'id' F:\wamp\www\ykj\Application\Runtime\Cache\Home\2a94b8bda04ff446dcedd42276fc99ee.php 第 40 行.
NOTIC: [8] Undefined variable: current F:\wamp\www\ykj\Application\Runtime\Cache\Home\2a94b8bda04ff446dcedd42276fc99ee.php 第 40 行.
INFO: Run Behavior\ParseTemplateBehavior [ RunTime:0.143008s ]
INFO: [ view_parse ] --END-- [ RunTime:0.144009s ]
INFO: [ view_filter ] --START--
INFO: Run Behavior\WriteHtmlCacheBehavior [ RunTime:0.003000s ]
INFO: [ view_filter ] --END-- [ RunTime:0.005000s ]
INFO: [ app_end ] --START--
INFO: Run Behavior\ShowPageTraceBehavior [ RunTime:0.005000s ]
INFO: [ app_end ] --END-- [ RunTime:0.006000s ]

[ 2017-02-11T22:06:27+08:00 ] ::1 /ykj/index.php/Home/Article/index/id/3
INFO: [ app_init ] --START--
INFO: Run Behavior\BuildLiteBehavior [ RunTime:0.000000s ]
INFO: [ app_init ] --END-- [ RunTime:0.002000s ]
INFO: [ app_begin ] --START--
INFO: Run Behavior\ReadHtmlCacheBehavior [ RunTime:0.003000s ]
INFO: [ app_begin ] --END-- [ RunTime:0.003000s ]
SQL: SHOW COLUMNS FROM `ykj_cate` [ RunTime:0.0120s ]
SQL: SELECT * FROM `ykj_cate` ORDER BY sort  [ RunTime:0.0010s ]
SQL: SHOW COLUMNS FROM `ykj_link` [ RunTime:0.0120s ]
SQL: SELECT * FROM `ykj_link` ORDER BY sort  [ RunTime:0.0010s ]
SQL: SHOW COLUMNS FROM `ykj_article` [ RunTime:0.0130s ]
SQL: SELECT * FROM `ykj_article` LIMIT 5   [ RunTime:0.0030s ]
SQL: SELECT * FROM `ykj_article` WHERE `id` = 3 LIMIT 1   [ RunTime:0.0340s ]
NOTIC: [8] Undefined variable: cate_id F:\wamp\www\ykj\Application\Home\Controller\ArticleController.class.php 第 8 行.
SQL: SHOW COLUMNS FROM `ykj_cate` [ RunTime:0.0110s ]
SQL: SELECT * FROM `ykj_cate` LIMIT 1   [ RunTime:0.0010s ]
SQL: SELECT * FROM `ykj_article` WHERE `id` = 3 LIMIT 1   [ RunTime:0.0020s ]
SQL: SELECT * FROM `ykj_article` WHERE ( id<3 ) AND `cateid` = 4 ORDER BY id desc LIMIT 1   [ RunTime:0.0310s ]
SQL: SELECT * FROM `ykj_article` WHERE ( id>3 ) AND `cateid` = 4 ORDER BY id asc LIMIT 1   [ RunTime:0.0010s ]
INFO: [ view_parse ] --START--
INFO: [ template_filter ] --START--
INFO: Run Behavior\ContentReplaceBehavior [ RunTime:0.014001s ]
INFO: [ template_filter ] --END-- [ RunTime:0.014001s ]
NOTIC: [8] Use of undefined constant id - assumed 'id' F:\wamp\www\ykj\Application\Runtime\Cache\Home\2ac6c1276904b87404ed678dbabb985c.php 第 42 行.
NOTIC: [8] Undefined variable: current F:\wamp\www\ykj\Application\Runtime\Cache\Home\2ac6c1276904b87404ed678dbabb985c.php 第 42 行.
NOTIC: [8] Use of undefined constant id - assumed 'id' F:\wamp\www\ykj\Application\Runtime\Cache\Home\2ac6c1276904b87404ed678dbabb985c.php 第 42 行.
NOTIC: [8] Undefined variable: current F:\wamp\www\ykj\Application\Runtime\Cache\Home\2ac6c1276904b87404ed678dbabb985c.php 第 42 行.
NOTIC: [8] Use of undefined constant id - assumed 'id' F:\wamp\www\ykj\Application\Runtime\Cache\Home\2ac6c1276904b87404ed678dbabb985c.php 第 42 行.
NOTIC: [8] Undefined variable: current F:\wamp\www\ykj\Application\Runtime\Cache\Home\2ac6c1276904b87404ed678dbabb985c.php 第 42 行.
INFO: Run Behavior\ParseTemplateBehavior [ RunTime:0.107007s ]
INFO: [ view_parse ] --END-- [ RunTime:0.108007s ]
INFO: [ view_filter ] --START--
INFO: Run Behavior\WriteHtmlCacheBehavior [ RunTime:0.002000s ]
INFO: [ view_filter ] --END-- [ RunTime:0.002000s ]
INFO: [ app_end ] --START--
INFO: Run Behavior\ShowPageTraceBehavior [ RunTime:0.005000s ]
INFO: [ app_end ] --END-- [ RunTime:0.005000s ]

[ 2017-02-11T22:07:24+08:00 ] ::1 /ykj/index.php/Home/Article/index/id/1
INFO: [ app_init ] --START--
INFO: Run Behavior\BuildLiteBehavior [ RunTime:0.000000s ]
INFO: [ app_init ] --END-- [ RunTime:0.003000s ]
INFO: [ app_begin ] --START--
INFO: Run Behavior\ReadHtmlCacheBehavior [ RunTime:0.004000s ]
INFO: [ app_begin ] --END-- [ RunTime:0.005000s ]
SQL: SHOW COLUMNS FROM `ykj_cate` [ RunTime:0.0140s ]
SQL: SELECT * FROM `ykj_cate` ORDER BY sort  [ RunTime:0.0020s ]
SQL: SHOW COLUMNS FROM `ykj_link` [ RunTime:0.0130s ]
SQL: SELECT * FROM `ykj_link` ORDER BY sort  [ RunTime:0.0010s ]
SQL: SHOW COLUMNS FROM `ykj_article` [ RunTime:0.0200s ]
SQL: SELECT * FROM `ykj_article` LIMIT 5   [ RunTime:0.0040s ]
SQL: SELECT * FROM `ykj_article` WHERE `id` = 1 LIMIT 1   [ RunTime:0.0020s ]
NOTIC: [8] Undefined variable: cate_id F:\wamp\www\ykj\Application\Home\Controller\ArticleController.class.php 第 8 行.
SQL: SHOW COLUMNS FROM `ykj_cate` [ RunTime:0.0110s ]
SQL: SELECT * FROM `ykj_cate` LIMIT 1   [ RunTime:0.0010s ]
SQL: SELECT * FROM `ykj_article` WHERE `id` = 1 LIMIT 1   [ RunTime:0.0010s ]
SQL: SELECT * FROM `ykj_article` WHERE ( id<1 ) AND `cateid` = 3 ORDER BY id desc LIMIT 1   [ RunTime:0.0010s ]
SQL: SELECT * FROM `ykj_article` WHERE ( id>1 ) AND `cateid` = 3 ORDER BY id asc LIMIT 1   [ RunTime:0.0010s ]
INFO: [ view_parse ] --START--
INFO: [ template_filter ] --START--
INFO: Run Behavior\ContentReplaceBehavior [ RunTime:0.001000s ]
INFO: [ template_filter ] --END-- [ RunTime:0.002000s ]
NOTIC: [8] Use of undefined constant id - assumed 'id' F:\wamp\www\ykj\Application\Runtime\Cache\Home\2ac6c1276904b87404ed678dbabb985c.php 第 42 行.
NOTIC: [8] Undefined variable: current F:\wamp\www\ykj\Application\Runtime\Cache\Home\2ac6c1276904b87404ed678dbabb985c.php 第 42 行.
NOTIC: [8] Use of undefined constant id - assumed 'id' F:\wamp\www\ykj\Application\Runtime\Cache\Home\2ac6c1276904b87404ed678dbabb985c.php 第 42 行.
NOTIC: [8] Undefined variable: current F:\wamp\www\ykj\Application\Runtime\Cache\Home\2ac6c1276904b87404ed678dbabb985c.php 第 42 行.
NOTIC: [8] Use of undefined constant id - assumed 'id' F:\wamp\www\ykj\Application\Runtime\Cache\Home\2ac6c1276904b87404ed678dbabb985c.php 第 42 行.
NOTIC: [8] Undefined variable: current F:\wamp\www\ykj\Application\Runtime\Cache\Home\2ac6c1276904b87404ed678dbabb985c.php 第 42 行.
INFO: Run Behavior\ParseTemplateBehavior [ RunTime:0.089005s ]
INFO: [ view_parse ] --END-- [ RunTime:0.089005s ]
INFO: [ view_filter ] --START--
INFO: Run Behavior\WriteHtmlCacheBehavior [ RunTime:0.002000s ]
INFO: [ view_filter ] --END-- [ RunTime:0.003001s ]
INFO: [ app_end ] --START--
INFO: Run Behavior\ShowPageTraceBehavior [ RunTime:0.006000s ]
INFO: [ app_end ] --END-- [ RunTime:0.007000s ]

[ 2017-02-11T22:07:36+08:00 ] ::1 /ykj/index.php/Home/Article/index/id/2
INFO: [ app_init ] --START--
INFO: Run Behavior\BuildLiteBehavior [ RunTime:0.000000s ]
INFO: [ app_init ] --END-- [ RunTime:0.004001s ]
INFO: [ app_begin ] --START--
INFO: Run Behavior\ReadHtmlCacheBehavior [ RunTime:0.003000s ]
INFO: [ app_begin ] --END-- [ RunTime:0.004000s ]
SQL: SHOW COLUMNS FROM `ykj_cate` [ RunTime:0.0120s ]
SQL: SELECT * FROM `ykj_cate` ORDER BY sort  [ RunTime:0.0020s ]
SQL: SHOW COLUMNS FROM `ykj_link` [ RunTime:0.0150s ]
SQL: SELECT * FROM `ykj_link` ORDER BY sort  [ RunTime:0.0010s ]
SQL: SHOW COLUMNS FROM `ykj_article` [ RunTime:0.0130s ]
SQL: SELECT * FROM `ykj_article` LIMIT 5   [ RunTime:0.0040s ]
SQL: SELECT * FROM `ykj_article` WHERE `id` = 2 LIMIT 1   [ RunTime:0.0010s ]
NOTIC: [8] Undefined variable: cate_id F:\wamp\www\ykj\Application\Home\Controller\ArticleController.class.php 第 8 行.
SQL: SHOW COLUMNS FROM `ykj_cate` [ RunTime:0.0120s ]
SQL: SELECT * FROM `ykj_cate` LIMIT 1   [ RunTime:0.0010s ]
SQL: SELECT * FROM `ykj_article` WHERE `id` = 2 LIMIT 1   [ RunTime:0.0010s ]
SQL: SELECT * FROM `ykj_article` WHERE ( id<2 ) AND `cateid` = 3 ORDER BY id desc LIMIT 1   [ RunTime:0.0020s ]
SQL: SELECT * FROM `ykj_article` WHERE ( id>2 ) AND `cateid` = 3 ORDER BY id asc LIMIT 1   [ RunTime:0.0020s ]
INFO: [ view_parse ] --START--
INFO: [ template_filter ] --START--
INFO: Run Behavior\ContentReplaceBehavior [ RunTime:0.001000s ]
INFO: [ template_filter ] --END-- [ RunTime:0.001000s ]
NOTIC: [8] Use of undefined constant id - assumed 'id' F:\wamp\www\ykj\Application\Runtime\Cache\Home\2ac6c1276904b87404ed678dbabb985c.php 第 42 行.
NOTIC: [8] Undefined variable: current F:\wamp\www\ykj\Application\Runtime\Cache\Home\2ac6c1276904b87404ed678dbabb985c.php 第 42 行.
NOTIC: [8] Use of undefined constant id - assumed 'id' F:\wamp\www\ykj\Application\Runtime\Cache\Home\2ac6c1276904b87404ed678dbabb985c.php 第 42 行.
NOTIC: [8] Undefined variable: current F:\wamp\www\ykj\Application\Runtime\Cache\Home\2ac6c1276904b87404ed678dbabb985c.php 第 42 行.
NOTIC: [8] Use of undefined constant id - assumed 'id' F:\wamp\www\ykj\Application\Runtime\Cache\Home\2ac6c1276904b87404ed678dbabb985c.php 第 42 行.
NOTIC: [8] Undefined variable: current F:\wamp\www\ykj\Application\Runtime\Cache\Home\2ac6c1276904b87404ed678dbabb985c.php 第 42 行.
INFO: Run Behavior\ParseTemplateBehavior [ RunTime:0.089005s ]
INFO: [ view_parse ] --END-- [ RunTime:0.090005s ]
INFO: [ view_filter ] --START--
INFO: Run Behavior\WriteHtmlCacheBehavior [ RunTime:0.002000s ]
INFO: [ view_filter ] --END-- [ RunTime:0.003000s ]
INFO: [ app_end ] --START--
INFO: Run Behavior\ShowPageTraceBehavior [ RunTime:0.007000s ]
INFO: [ app_end ] --END-- [ RunTime:0.009000s ]

[ 2017-02-11T22:08:04+08:00 ] ::1 /ykj/index.php/Home/Cate/index/id/1
INFO: [ app_init ] --START--
INFO: Run Behavior\BuildLiteBehavior [ RunTime:0.000000s ]
INFO: [ app_init ] --END-- [ RunTime:0.003000s ]
INFO: [ app_begin ] --START--
INFO: Run Behavior\ReadHtmlCacheBehavior [ RunTime:0.003000s ]
INFO: [ app_begin ] --END-- [ RunTime:0.004000s ]
SQL: SHOW COLUMNS FROM `ykj_cate` [ RunTime:0.0120s ]
SQL: SELECT * FROM `ykj_cate` ORDER BY sort  [ RunTime:0.0020s ]
SQL: SHOW COLUMNS FROM `ykj_link` [ RunTime:0.0130s ]
SQL: SELECT * FROM `ykj_link` ORDER BY sort  [ RunTime:0.0010s ]
SQL: SHOW COLUMNS FROM `ykj_article` [ RunTime:0.0130s ]
SQL: SELECT * FROM `ykj_article` LIMIT 5   [ RunTime:0.0020s ]
SQL: SELECT COUNT(*) AS tp_count FROM `ykj_article` WHERE `cateid` = 1 LIMIT 1   [ RunTime:0.0020s ]
SQL: SELECT * FROM `ykj_article` WHERE `cateid` = 1 ORDER BY time desc LIMIT 0,2   [ RunTime:0.0020s ]
INFO: [ view_parse ] --START--
INFO: [ template_filter ] --START--
INFO: Run Behavior\ContentReplaceBehavior [ RunTime:0.001000s ]
INFO: [ template_filter ] --END-- [ RunTime:0.001000s ]
NOTIC: [8] Use of undefined constant id - assumed 'id' F:\wamp\www\ykj\Application\Runtime\Cache\Home\924808055458c07e9f4d1040ae4bac5b.php 第 40 行.
NOTIC: [8] Use of undefined constant id - assumed 'id' F:\wamp\www\ykj\Application\Runtime\Cache\Home\924808055458c07e9f4d1040ae4bac5b.php 第 40 行.
NOTIC: [8] Use of undefined constant id - assumed 'id' F:\wamp\www\ykj\Application\Runtime\Cache\Home\924808055458c07e9f4d1040ae4bac5b.php 第 40 行.
INFO: Run Behavior\ParseTemplateBehavior [ RunTime:0.104006s ]
INFO: [ view_parse ] --END-- [ RunTime:0.106006s ]
INFO: [ view_filter ] --START--
INFO: Run Behavior\WriteHtmlCacheBehavior [ RunTime:0.003000s ]
INFO: [ view_filter ] --END-- [ RunTime:0.003000s ]
INFO: [ app_end ] --START--
INFO: Run Behavior\ShowPageTraceBehavior [ RunTime:0.003000s ]
INFO: [ app_end ] --END-- [ RunTime:0.004000s ]

[ 2017-02-11T22:08:09+08:00 ] ::1 /ykj/index.php/Home/Cate/index/id/2
INFO: [ app_init ] --START--
INFO: Run Behavior\BuildLiteBehavior [ RunTime:0.000000s ]
INFO: [ app_init ] --END-- [ RunTime:0.003000s ]
INFO: [ app_begin ] --START--
INFO: Run Behavior\ReadHtmlCacheBehavior [ RunTime:0.003000s ]
INFO: [ app_begin ] --END-- [ RunTime:0.004000s ]
SQL: SHOW COLUMNS FROM `ykj_cate` [ RunTime:0.0120s ]
SQL: SELECT * FROM `ykj_cate` ORDER BY sort  [ RunTime:0.0010s ]
SQL: SHOW COLUMNS FROM `ykj_link` [ RunTime:0.0120s ]
SQL: SELECT * FROM `ykj_link` ORDER BY sort  [ RunTime:0.0010s ]
SQL: SHOW COLUMNS FROM `ykj_article` [ RunTime:0.0110s ]
SQL: SELECT * FROM `ykj_article` LIMIT 5   [ RunTime:0.0020s ]
SQL: SELECT COUNT(*) AS tp_count FROM `ykj_article` WHERE `cateid` = 2 LIMIT 1   [ RunTime:0.0010s ]
SQL: SELECT * FROM `ykj_article` WHERE `cateid` = 2 ORDER BY time desc LIMIT 0,2   [ RunTime:0.0010s ]
INFO: [ view_parse ] --START--
INFO: [ template_filter ] --START--
INFO: Run Behavior\ContentReplaceBehavior [ RunTime:0.001000s ]
INFO: [ template_filter ] --END-- [ RunTime:0.001000s ]
NOTIC: [8] Use of undefined constant id - assumed 'id' F:\wamp\www\ykj\Application\Runtime\Cache\Home\924808055458c07e9f4d1040ae4bac5b.php 第 40 行.
NOTIC: [8] Use of undefined constant id - assumed 'id' F:\wamp\www\ykj\Application\Runtime\Cache\Home\924808055458c07e9f4d1040ae4bac5b.php 第 40 行.
NOTIC: [8] Use of undefined constant id - assumed 'id' F:\wamp\www\ykj\Application\Runtime\Cache\Home\924808055458c07e9f4d1040ae4bac5b.php 第 40 行.
INFO: Run Behavior\ParseTemplateBehavior [ RunTime:0.097005s ]
INFO: [ view_parse ] --END-- [ RunTime:0.098006s ]
INFO: [ view_filter ] --START--
INFO: Run Behavior\WriteHtmlCacheBehavior [ RunTime:0.004000s ]
INFO: [ view_filter ] --END-- [ RunTime:0.004000s ]
INFO: [ app_end ] --START--
INFO: Run Behavior\ShowPageTraceBehavior [ RunTime:0.003000s ]
INFO: [ app_end ] --END-- [ RunTime:0.004000s ]

[ 2017-02-11T22:08:11+08:00 ] ::1 /ykj/index.php/Home/Cate/index/id/4
INFO: [ app_init ] --START--
INFO: Run Behavior\BuildLiteBehavior [ RunTime:0.000000s ]
INFO: [ app_init ] --END-- [ RunTime:0.004000s ]
INFO: [ app_begin ] --START--
INFO: Run Behavior\ReadHtmlCacheBehavior [ RunTime:0.004001s ]
INFO: [ app_begin ] --END-- [ RunTime:0.004001s ]
SQL: SHOW COLUMNS FROM `ykj_cate` [ RunTime:0.0120s ]
SQL: SELECT * FROM `ykj_cate` ORDER BY sort  [ RunTime:0.0020s ]
SQL: SHOW COLUMNS FROM `ykj_link` [ RunTime:0.0160s ]
SQL: SELECT * FROM `ykj_link` ORDER BY sort  [ RunTime:0.0020s ]
SQL: SHOW COLUMNS FROM `ykj_article` [ RunTime:0.0130s ]
SQL: SELECT * FROM `ykj_article` LIMIT 5   [ RunTime:0.0040s ]
SQL: SELECT COUNT(*) AS tp_count FROM `ykj_article` WHERE `cateid` = 4 LIMIT 1   [ RunTime:0.0010s ]
SQL: SELECT * FROM `ykj_article` WHERE `cateid` = 4 ORDER BY time desc LIMIT 0,2   [ RunTime:0.0020s ]
INFO: [ view_parse ] --START--
INFO: [ template_filter ] --START--
INFO: Run Behavior\ContentReplaceBehavior [ RunTime:0.001000s ]
INFO: [ template_filter ] --END-- [ RunTime:0.001000s ]
NOTIC: [8] Use of undefined constant id - assumed 'id' F:\wamp\www\ykj\Application\Runtime\Cache\Home\924808055458c07e9f4d1040ae4bac5b.php 第 40 行.
NOTIC: [8] Use of undefined constant id - assumed 'id' F:\wamp\www\ykj\Application\Runtime\Cache\Home\924808055458c07e9f4d1040ae4bac5b.php 第 40 行.
NOTIC: [8] Use of undefined constant id - assumed 'id' F:\wamp\www\ykj\Application\Runtime\Cache\Home\924808055458c07e9f4d1040ae4bac5b.php 第 40 行.
INFO: Run Behavior\ParseTemplateBehavior [ RunTime:0.112007s ]
INFO: [ view_parse ] --END-- [ RunTime:0.112007s ]
INFO: [ view_filter ] --START--
INFO: Run Behavior\WriteHtmlCacheBehavior [ RunTime:0.002000s ]
INFO: [ view_filter ] --END-- [ RunTime:0.003000s ]
INFO: [ app_end ] --START--
INFO: Run Behavior\ShowPageTraceBehavior [ RunTime:0.003000s ]
INFO: [ app_end ] --END-- [ RunTime:0.005000s ]

[ 2017-02-11T22:08:17+08:00 ] ::1 /ykj/index.php/Home/Cate/index/id/1
INFO: [ app_init ] --START--
INFO: Run Behavior\BuildLiteBehavior [ RunTime:0.000000s ]
INFO: [ app_init ] --END-- [ RunTime:0.002000s ]
INFO: [ app_begin ] --START--
INFO: Run Behavior\ReadHtmlCacheBehavior [ RunTime:0.003001s ]
INFO: [ app_begin ] --END-- [ RunTime:0.004001s ]
SQL: SHOW COLUMNS FROM `ykj_cate` [ RunTime:0.0130s ]
SQL: SELECT * FROM `ykj_cate` ORDER BY sort  [ RunTime:0.0010s ]
SQL: SHOW COLUMNS FROM `ykj_link` [ RunTime:0.0120s ]
SQL: SELECT * FROM `ykj_link` ORDER BY sort  [ RunTime:0.0020s ]
SQL: SHOW COLUMNS FROM `ykj_article` [ RunTime:0.0130s ]
SQL: SELECT * FROM `ykj_article` LIMIT 5   [ RunTime:0.0040s ]
SQL: SELECT COUNT(*) AS tp_count FROM `ykj_article` WHERE `cateid` = 1 LIMIT 1   [ RunTime:0.0020s ]
SQL: SELECT * FROM `ykj_article` WHERE `cateid` = 1 ORDER BY time desc LIMIT 0,2   [ RunTime:0.0020s ]
INFO: [ view_parse ] --START--
INFO: [ template_filter ] --START--
INFO: Run Behavior\ContentReplaceBehavior [ RunTime:0.001000s ]
INFO: [ template_filter ] --END-- [ RunTime:0.001000s ]
NOTIC: [8] Use of undefined constant id - assumed 'id' F:\wamp\www\ykj\Application\Runtime\Cache\Home\924808055458c07e9f4d1040ae4bac5b.php 第 40 行.
NOTIC: [8] Use of undefined constant id - assumed 'id' F:\wamp\www\ykj\Application\Runtime\Cache\Home\924808055458c07e9f4d1040ae4bac5b.php 第 40 行.
NOTIC: [8] Use of undefined constant id - assumed 'id' F:\wamp\www\ykj\Application\Runtime\Cache\Home\924808055458c07e9f4d1040ae4bac5b.php 第 40 行.
INFO: Run Behavior\ParseTemplateBehavior [ RunTime:0.108006s ]
INFO: [ view_parse ] --END-- [ RunTime:0.109006s ]
INFO: [ view_filter ] --START--
INFO: Run Behavior\WriteHtmlCacheBehavior [ RunTime:0.002001s ]
INFO: [ view_filter ] --END-- [ RunTime:0.003001s ]
INFO: [ app_end ] --START--
INFO: Run Behavior\ShowPageTraceBehavior [ RunTime:0.003000s ]
INFO: [ app_end ] --END-- [ RunTime:0.005000s ]

[ 2017-02-11T22:08:19+08:00 ] ::1 /ykj/index.php/Home/Cate/index/id/2
INFO: [ app_init ] --START--
INFO: Run Behavior\BuildLiteBehavior [ RunTime:0.001000s ]
INFO: [ app_init ] --END-- [ RunTime:0.003000s ]
INFO: [ app_begin ] --START--
INFO: Run Behavior\ReadHtmlCacheBehavior [ RunTime:0.005000s ]
INFO: [ app_begin ] --END-- [ RunTime:0.006000s ]
SQL: SHOW COLUMNS FROM `ykj_cate` [ RunTime:0.0170s ]
SQL: SELECT * FROM `ykj_cate` ORDER BY sort  [ RunTime:0.0010s ]
SQL: SHOW COLUMNS FROM `ykj_link` [ RunTime:0.0170s ]
SQL: SELECT * FROM `ykj_link` ORDER BY sort  [ RunTime:0.0010s ]
SQL: SHOW COLUMNS FROM `ykj_article` [ RunTime:0.0180s ]
SQL: SELECT * FROM `ykj_article` LIMIT 5   [ RunTime:0.0040s ]
SQL: SELECT COUNT(*) AS tp_count FROM `ykj_article` WHERE `cateid` = 2 LIMIT 1   [ RunTime:0.0020s ]
SQL: SELECT * FROM `ykj_article` WHERE `cateid` = 2 ORDER BY time desc LIMIT 0,2   [ RunTime:0.0020s ]
INFO: [ view_parse ] --START--
INFO: [ template_filter ] --START--
INFO: Run Behavior\ContentReplaceBehavior [ RunTime:0.001000s ]
INFO: [ template_filter ] --END-- [ RunTime:0.003000s ]
NOTIC: [8] Use of undefined constant id - assumed 'id' F:\wamp\www\ykj\Application\Runtime\Cache\Home\924808055458c07e9f4d1040ae4bac5b.php 第 40 行.
NOTIC: [8] Use of undefined constant id - assumed 'id' F:\wamp\www\ykj\Application\Runtime\Cache\Home\924808055458c07e9f4d1040ae4bac5b.php 第 40 行.
NOTIC: [8] Use of undefined constant id - assumed 'id' F:\wamp\www\ykj\Application\Runtime\Cache\Home\924808055458c07e9f4d1040ae4bac5b.php 第 40 行.
INFO: Run Behavior\ParseTemplateBehavior [ RunTime:0.116006s ]
INFO: [ view_parse ] --END-- [ RunTime:0.118006s ]
INFO: [ view_filter ] --START--
INFO: Run Behavior\WriteHtmlCacheBehavior [ RunTime:0.002000s ]
INFO: [ view_filter ] --END-- [ RunTime:0.004001s ]
INFO: [ app_end ] --START--
INFO: Run Behavior\ShowPageTraceBehavior [ RunTime:0.002000s ]
INFO: [ app_end ] --END-- [ RunTime:0.004000s ]

[ 2017-02-11T22:08:20+08:00 ] ::1 /ykj/index.php/Home/Cate/index/id/4
INFO: [ app_init ] --START--
INFO: Run Behavior\BuildLiteBehavior [ RunTime:0.001000s ]
INFO: [ app_init ] --END-- [ RunTime:0.003000s ]
INFO: [ app_begin ] --START--
INFO: Run Behavior\ReadHtmlCacheBehavior [ RunTime:0.004001s ]
INFO: [ app_begin ] --END-- [ RunTime:0.005001s ]
SQL: SHOW COLUMNS FROM `ykj_cate` [ RunTime:0.0170s ]
SQL: SELECT * FROM `ykj_cate` ORDER BY sort  [ RunTime:0.0010s ]
SQL: SHOW COLUMNS FROM `ykj_link` [ RunTime:0.0130s ]
SQL: SELECT * FROM `ykj_link` ORDER BY sort  [ RunTime:0.0010s ]
SQL: SHOW COLUMNS FROM `ykj_article` [ RunTime:0.0140s ]
SQL: SELECT * FROM `ykj_article` LIMIT 5   [ RunTime:0.0030s ]
SQL: SELECT COUNT(*) AS tp_count FROM `ykj_article` WHERE `cateid` = 4 LIMIT 1   [ RunTime:0.0010s ]
SQL: SELECT * FROM `ykj_article` WHERE `cateid` = 4 ORDER BY time desc LIMIT 0,2   [ RunTime:0.0020s ]
INFO: [ view_parse ] --START--
INFO: [ template_filter ] --START--
INFO: Run Behavior\ContentReplaceBehavior [ RunTime:0.001000s ]
INFO: [ template_filter ] --END-- [ RunTime:0.001000s ]
NOTIC: [8] Use of undefined constant id - assumed 'id' F:\wamp\www\ykj\Application\Runtime\Cache\Home\924808055458c07e9f4d1040ae4bac5b.php 第 40 行.
NOTIC: [8] Use of undefined constant id - assumed 'id' F:\wamp\www\ykj\Application\Runtime\Cache\Home\924808055458c07e9f4d1040ae4bac5b.php 第 40 行.
NOTIC: [8] Use of undefined constant id - assumed 'id' F:\wamp\www\ykj\Application\Runtime\Cache\Home\924808055458c07e9f4d1040ae4bac5b.php 第 40 行.
INFO: Run Behavior\ParseTemplateBehavior [ RunTime:0.121007s ]
INFO: [ view_parse ] --END-- [ RunTime:0.122007s ]
INFO: [ view_filter ] --START--
INFO: Run Behavior\WriteHtmlCacheBehavior [ RunTime:0.002000s ]
INFO: [ view_filter ] --END-- [ RunTime:0.003000s ]
INFO: [ app_end ] --START--
INFO: Run Behavior\ShowPageTraceBehavior [ RunTime:0.003001s ]
INFO: [ app_end ] --END-- [ RunTime:0.005001s ]

