[ 2017-03-21T19:11:33+08:00 ] ::1 /ykj/index.php
INFO: [ app_init ] --START--
INFO: Run Behavior\BuildLiteBehavior [ RunTime:0.000000s ]
INFO: [ app_init ] --END-- [ RunTime:0.002000s ]
INFO: [ app_begin ] --START--
INFO: Run Behavior\ReadHtmlCacheBehavior [ RunTime:0.002000s ]
INFO: [ app_begin ] --END-- [ RunTime:0.003000s ]
SQL: SHOW COLUMNS FROM `ykj_cate` [ RunTime:0.6920s ]
SQL: SELECT * FROM `ykj_cate` ORDER BY sort  [ RunTime:0.0950s ]
SQL: SHOW COLUMNS FROM `ykj_link` [ RunTime:0.7370s ]
SQL: SELECT * FROM `ykj_link` ORDER BY sort  [ RunTime:0.0010s ]
SQL: SHOW COLUMNS FROM `ykj_article` [ RunTime:0.1160s ]
SQL: SELECT * FROM `ykj_article` LIMIT 5   [ RunTime:0.0660s ]
SQL: SELECT COUNT(*) AS tp_count FROM `ykj_article` LIMIT 1   [ RunTime:0.0010s ]
SQL: SELECT * FROM `ykj_article` ORDER BY time desc LIMIT 0,2   [ RunTime:0.0110s ]
INFO: [ view_parse ] --START--
INFO: [ template_filter ] --START--
INFO: Run Behavior\ContentReplaceBehavior [ RunTime:0.001000s ]
INFO: [ template_filter ] --END-- [ RunTime:0.001000s ]
NOTIC: [8] Use of undefined constant id - assumed 'id' F:\wamp\www\ykj\Application\Runtime\Cache\Home\2a94b8bda04ff446dcedd42276fc99ee.php 第 40 行.
NOTIC: [8] Undefined variable: current F:\wamp\www\ykj\Application\Runtime\Cache\Home\2a94b8bda04ff446dcedd42276fc99ee.php 第 40 行.
NOTIC: [8] Use of undefined constant id - assumed 'id' F:\wamp\www\ykj\Application\Runtime\Cache\Home\2a94b8bda04ff446dcedd42276fc99ee.php 第 40 行.
NOTIC: [8] Undefined variable: current F:\wamp\www\ykj\Application\Runtime\Cache\Home\2a94b8bda04ff446dcedd42276fc99ee.php 第 40 行.
NOTIC: [8] Use of undefined constant id - assumed 'id' F:\wamp\www\ykj\Application\Runtime\Cache\Home\2a94b8bda04ff446dcedd42276fc99ee.php 第 40 行.
NOTIC: [8] Undefined variable: current F:\wamp\www\ykj\Application\Runtime\Cache\Home\2a94b8bda04ff446dcedd42276fc99ee.php 第 40 行.
INFO: Run Behavior\ParseTemplateBehavior [ RunTime:0.164009s ]
INFO: [ view_parse ] --END-- [ RunTime:0.165009s ]
INFO: [ view_filter ] --START--
INFO: Run Behavior\WriteHtmlCacheBehavior [ RunTime:0.011001s ]
INFO: [ view_filter ] --END-- [ RunTime:0.011001s ]
INFO: [ app_end ] --START--
INFO: Run Behavior\ShowPageTraceBehavior [ RunTime:0.008000s ]
INFO: [ app_end ] --END-- [ RunTime:0.008000s ]

[ 2017-03-21T19:11:48+08:00 ] ::1 /ykj/index.php/Home/Cate/index/id/1
INFO: [ app_init ] --START--
INFO: Run Behavior\BuildLiteBehavior [ RunTime:0.000000s ]
INFO: [ app_init ] --END-- [ RunTime:0.001000s ]
INFO: [ app_begin ] --START--
INFO: Run Behavior\ReadHtmlCacheBehavior [ RunTime:0.002000s ]
INFO: [ app_begin ] --END-- [ RunTime:0.002000s ]
SQL: SHOW COLUMNS FROM `ykj_cate` [ RunTime:0.0040s ]
SQL: SELECT * FROM `ykj_cate` ORDER BY sort  [ RunTime:0.0000s ]
SQL: SHOW COLUMNS FROM `ykj_link` [ RunTime:0.0050s ]
SQL: SELECT * FROM `ykj_link` ORDER BY sort  [ RunTime:0.0000s ]
SQL: SHOW COLUMNS FROM `ykj_article` [ RunTime:0.0040s ]
SQL: SELECT * FROM `ykj_article` LIMIT 5   [ RunTime:0.0010s ]
SQL: SELECT COUNT(*) AS tp_count FROM `ykj_article` WHERE `cateid` = 1 LIMIT 1   [ RunTime:0.0000s ]
SQL: SELECT * FROM `ykj_article` WHERE `cateid` = 1 ORDER BY time desc LIMIT 0,2   [ RunTime:0.0010s ]
INFO: [ view_parse ] --START--
INFO: [ template_filter ] --START--
INFO: Run Behavior\ContentReplaceBehavior [ RunTime:0.000000s ]
INFO: [ template_filter ] --END-- [ RunTime:0.000000s ]
NOTIC: [8] Use of undefined constant id - assumed 'id' F:\wamp\www\ykj\Application\Runtime\Cache\Home\924808055458c07e9f4d1040ae4bac5b.php 第 40 行.
NOTIC: [8] Use of undefined constant id - assumed 'id' F:\wamp\www\ykj\Application\Runtime\Cache\Home\924808055458c07e9f4d1040ae4bac5b.php 第 40 行.
NOTIC: [8] Use of undefined constant id - assumed 'id' F:\wamp\www\ykj\Application\Runtime\Cache\Home\924808055458c07e9f4d1040ae4bac5b.php 第 40 行.
INFO: Run Behavior\ParseTemplateBehavior [ RunTime:0.079005s ]
INFO: [ view_parse ] --END-- [ RunTime:0.080005s ]
INFO: [ view_filter ] --START--
INFO: Run Behavior\WriteHtmlCacheBehavior [ RunTime:0.003000s ]
INFO: [ view_filter ] --END-- [ RunTime:0.004000s ]
INFO: [ app_end ] --START--
INFO: Run Behavior\ShowPageTraceBehavior [ RunTime:0.003000s ]
INFO: [ app_end ] --END-- [ RunTime:0.003000s ]

[ 2017-03-21T19:11:52+08:00 ] ::1 /ykj/index.php/Home/Cate/index/id/2
INFO: [ app_init ] --START--
INFO: Run Behavior\BuildLiteBehavior [ RunTime:0.000000s ]
INFO: [ app_init ] --END-- [ RunTime:0.002000s ]
INFO: [ app_begin ] --START--
INFO: Run Behavior\ReadHtmlCacheBehavior [ RunTime:0.001000s ]
INFO: [ app_begin ] --END-- [ RunTime:0.002000s ]
SQL: SHOW COLUMNS FROM `ykj_cate` [ RunTime:0.0040s ]
SQL: SELECT * FROM `ykj_cate` ORDER BY sort  [ RunTime:0.0000s ]
SQL: SHOW COLUMNS FROM `ykj_link` [ RunTime:0.0040s ]
SQL: SELECT * FROM `ykj_link` ORDER BY sort  [ RunTime:0.0010s ]
SQL: SHOW COLUMNS FROM `ykj_article` [ RunTime:0.0040s ]
SQL: SELECT * FROM `ykj_article` LIMIT 5   [ RunTime:0.0010s ]
SQL: SELECT COUNT(*) AS tp_count FROM `ykj_article` WHERE `cateid` = 2 LIMIT 1   [ RunTime:0.0000s ]
SQL: SELECT * FROM `ykj_article` WHERE `cateid` = 2 ORDER BY time desc LIMIT 0,2   [ RunTime:0.0000s ]
INFO: [ view_parse ] --START--
INFO: [ template_filter ] --START--
INFO: Run Behavior\ContentReplaceBehavior [ RunTime:0.000000s ]
INFO: [ template_filter ] --END-- [ RunTime:0.000000s ]
NOTIC: [8] Use of undefined constant id - assumed 'id' F:\wamp\www\ykj\Application\Runtime\Cache\Home\924808055458c07e9f4d1040ae4bac5b.php 第 40 行.
NOTIC: [8] Use of undefined constant id - assumed 'id' F:\wamp\www\ykj\Application\Runtime\Cache\Home\924808055458c07e9f4d1040ae4bac5b.php 第 40 行.
NOTIC: [8] Use of undefined constant id - assumed 'id' F:\wamp\www\ykj\Application\Runtime\Cache\Home\924808055458c07e9f4d1040ae4bac5b.php 第 40 行.
INFO: Run Behavior\ParseTemplateBehavior [ RunTime:0.026001s ]
INFO: [ view_parse ] --END-- [ RunTime:0.026001s ]
INFO: [ view_filter ] --START--
INFO: Run Behavior\WriteHtmlCacheBehavior [ RunTime:0.001000s ]
INFO: [ view_filter ] --END-- [ RunTime:0.001000s ]
INFO: [ app_end ] --START--
INFO: Run Behavior\ShowPageTraceBehavior [ RunTime:0.001000s ]
INFO: [ app_end ] --END-- [ RunTime:0.001000s ]

[ 2017-03-21T19:11:54+08:00 ] ::1 /ykj/index.php/Home/Cate/index/id/4
INFO: [ app_init ] --START--
INFO: Run Behavior\BuildLiteBehavior [ RunTime:0.000000s ]
INFO: [ app_init ] --END-- [ RunTime:0.001000s ]
INFO: [ app_begin ] --START--
INFO: Run Behavior\ReadHtmlCacheBehavior [ RunTime:0.001000s ]
INFO: [ app_begin ] --END-- [ RunTime:0.001000s ]
SQL: SHOW COLUMNS FROM `ykj_cate` [ RunTime:0.0050s ]
SQL: SELECT * FROM `ykj_cate` ORDER BY sort  [ RunTime:0.0010s ]
SQL: SHOW COLUMNS FROM `ykj_link` [ RunTime:0.0040s ]
SQL: SELECT * FROM `ykj_link` ORDER BY sort  [ RunTime:0.0010s ]
SQL: SHOW COLUMNS FROM `ykj_article` [ RunTime:0.0040s ]
SQL: SELECT * FROM `ykj_article` LIMIT 5   [ RunTime:0.0010s ]
SQL: SELECT COUNT(*) AS tp_count FROM `ykj_article` WHERE `cateid` = 4 LIMIT 1   [ RunTime:0.0010s ]
SQL: SELECT * FROM `ykj_article` WHERE `cateid` = 4 ORDER BY time desc LIMIT 0,2   [ RunTime:0.0000s ]
INFO: [ view_parse ] --START--
INFO: [ template_filter ] --START--
INFO: Run Behavior\ContentReplaceBehavior [ RunTime:0.000000s ]
INFO: [ template_filter ] --END-- [ RunTime:0.000000s ]
NOTIC: [8] Use of undefined constant id - assumed 'id' F:\wamp\www\ykj\Application\Runtime\Cache\Home\924808055458c07e9f4d1040ae4bac5b.php 第 40 行.
NOTIC: [8] Use of undefined constant id - assumed 'id' F:\wamp\www\ykj\Application\Runtime\Cache\Home\924808055458c07e9f4d1040ae4bac5b.php 第 40 行.
NOTIC: [8] Use of undefined constant id - assumed 'id' F:\wamp\www\ykj\Application\Runtime\Cache\Home\924808055458c07e9f4d1040ae4bac5b.php 第 40 行.
INFO: Run Behavior\ParseTemplateBehavior [ RunTime:0.026002s ]
INFO: [ view_parse ] --END-- [ RunTime:0.026002s ]
INFO: [ view_filter ] --START--
INFO: Run Behavior\WriteHtmlCacheBehavior [ RunTime:0.001000s ]
INFO: [ view_filter ] --END-- [ RunTime:0.001000s ]
INFO: [ app_end ] --START--
INFO: Run Behavior\ShowPageTraceBehavior [ RunTime:0.001000s ]
INFO: [ app_end ] --END-- [ RunTime:0.001000s ]

[ 2017-03-21T19:11:56+08:00 ] ::1 /ykj/index.php/Home/Cate/index/id/2
INFO: [ app_init ] --START--
INFO: Run Behavior\BuildLiteBehavior [ RunTime:0.000000s ]
INFO: [ app_init ] --END-- [ RunTime:0.001000s ]
INFO: [ app_begin ] --START--
INFO: Run Behavior\ReadHtmlCacheBehavior [ RunTime:0.001000s ]
INFO: [ app_begin ] --END-- [ RunTime:0.002000s ]
SQL: SHOW COLUMNS FROM `ykj_cate` [ RunTime:0.0050s ]
SQL: SELECT * FROM `ykj_cate` ORDER BY sort  [ RunTime:0.0010s ]
SQL: SHOW COLUMNS FROM `ykj_link` [ RunTime:0.0050s ]
SQL: SELECT * FROM `ykj_link` ORDER BY sort  [ RunTime:0.0010s ]
SQL: SHOW COLUMNS FROM `ykj_article` [ RunTime:0.0040s ]
SQL: SELECT * FROM `ykj_article` LIMIT 5   [ RunTime:0.0010s ]
SQL: SELECT COUNT(*) AS tp_count FROM `ykj_article` WHERE `cateid` = 2 LIMIT 1   [ RunTime:0.0000s ]
SQL: SELECT * FROM `ykj_article` WHERE `cateid` = 2 ORDER BY time desc LIMIT 0,2   [ RunTime:0.0010s ]
INFO: [ view_parse ] --START--
INFO: [ template_filter ] --START--
INFO: Run Behavior\ContentReplaceBehavior [ RunTime:0.000000s ]
INFO: [ template_filter ] --END-- [ RunTime:0.000000s ]
NOTIC: [8] Use of undefined constant id - assumed 'id' F:\wamp\www\ykj\Application\Runtime\Cache\Home\924808055458c07e9f4d1040ae4bac5b.php 第 40 行.
NOTIC: [8] Use of undefined constant id - assumed 'id' F:\wamp\www\ykj\Application\Runtime\Cache\Home\924808055458c07e9f4d1040ae4bac5b.php 第 40 行.
NOTIC: [8] Use of undefined constant id - assumed 'id' F:\wamp\www\ykj\Application\Runtime\Cache\Home\924808055458c07e9f4d1040ae4bac5b.php 第 40 行.
INFO: Run Behavior\ParseTemplateBehavior [ RunTime:0.025002s ]
INFO: [ view_parse ] --END-- [ RunTime:0.026002s ]
INFO: [ view_filter ] --START--
INFO: Run Behavior\WriteHtmlCacheBehavior [ RunTime:0.000000s ]
INFO: [ view_filter ] --END-- [ RunTime:0.001000s ]
INFO: [ app_end ] --START--
INFO: Run Behavior\ShowPageTraceBehavior [ RunTime:0.001000s ]
INFO: [ app_end ] --END-- [ RunTime:0.001000s ]

[ 2017-03-21T19:11:57+08:00 ] ::1 /ykj/index.php/Home/Cate/index/id/1
INFO: [ app_init ] --START--
INFO: Run Behavior\BuildLiteBehavior [ RunTime:0.000000s ]
INFO: [ app_init ] --END-- [ RunTime:0.000000s ]
INFO: [ app_begin ] --START--
INFO: Run Behavior\ReadHtmlCacheBehavior [ RunTime:0.001000s ]
INFO: [ app_begin ] --END-- [ RunTime:0.001000s ]
SQL: SHOW COLUMNS FROM `ykj_cate` [ RunTime:0.0050s ]
SQL: SELECT * FROM `ykj_cate` ORDER BY sort  [ RunTime:0.0010s ]
SQL: SHOW COLUMNS FROM `ykj_link` [ RunTime:0.0050s ]
SQL: SELECT * FROM `ykj_link` ORDER BY sort  [ RunTime:0.0000s ]
SQL: SHOW COLUMNS FROM `ykj_article` [ RunTime:0.0050s ]
SQL: SELECT * FROM `ykj_article` LIMIT 5   [ RunTime:0.0010s ]
SQL: SELECT COUNT(*) AS tp_count FROM `ykj_article` WHERE `cateid` = 1 LIMIT 1   [ RunTime:0.0000s ]
SQL: SELECT * FROM `ykj_article` WHERE `cateid` = 1 ORDER BY time desc LIMIT 0,2   [ RunTime:0.0000s ]
INFO: [ view_parse ] --START--
INFO: [ template_filter ] --START--
INFO: Run Behavior\ContentReplaceBehavior [ RunTime:0.000000s ]
INFO: [ template_filter ] --END-- [ RunTime:0.000000s ]
NOTIC: [8] Use of undefined constant id - assumed 'id' F:\wamp\www\ykj\Application\Runtime\Cache\Home\924808055458c07e9f4d1040ae4bac5b.php 第 40 行.
NOTIC: [8] Use of undefined constant id - assumed 'id' F:\wamp\www\ykj\Application\Runtime\Cache\Home\924808055458c07e9f4d1040ae4bac5b.php 第 40 行.
NOTIC: [8] Use of undefined constant id - assumed 'id' F:\wamp\www\ykj\Application\Runtime\Cache\Home\924808055458c07e9f4d1040ae4bac5b.php 第 40 行.
INFO: Run Behavior\ParseTemplateBehavior [ RunTime:0.028002s ]
INFO: [ view_parse ] --END-- [ RunTime:0.029002s ]
INFO: [ view_filter ] --START--
INFO: Run Behavior\WriteHtmlCacheBehavior [ RunTime:0.001000s ]
INFO: [ view_filter ] --END-- [ RunTime:0.001000s ]
INFO: [ app_end ] --START--
INFO: Run Behavior\ShowPageTraceBehavior [ RunTime:0.000000s ]
INFO: [ app_end ] --END-- [ RunTime:0.002000s ]

[ 2017-03-21T19:12:02+08:00 ] ::1 /ykj/index.php/Home/Cate/index/id/1
INFO: [ app_init ] --START--
INFO: Run Behavior\BuildLiteBehavior [ RunTime:0.000000s ]
INFO: [ app_init ] --END-- [ RunTime:0.001000s ]
INFO: [ app_begin ] --START--
INFO: Run Behavior\ReadHtmlCacheBehavior [ RunTime:0.001000s ]
INFO: [ app_begin ] --END-- [ RunTime:0.001000s ]
SQL: SHOW COLUMNS FROM `ykj_cate` [ RunTime:0.0050s ]
SQL: SELECT * FROM `ykj_cate` ORDER BY sort  [ RunTime:0.0010s ]
SQL: SHOW COLUMNS FROM `ykj_link` [ RunTime:0.0050s ]
SQL: SELECT * FROM `ykj_link` ORDER BY sort  [ RunTime:0.0000s ]
SQL: SHOW COLUMNS FROM `ykj_article` [ RunTime:0.0040s ]
SQL: SELECT * FROM `ykj_article` LIMIT 5   [ RunTime:0.0010s ]
SQL: SELECT COUNT(*) AS tp_count FROM `ykj_article` WHERE `cateid` = 1 LIMIT 1   [ RunTime:0.0010s ]
SQL: SELECT * FROM `ykj_article` WHERE `cateid` = 1 ORDER BY time desc LIMIT 0,2   [ RunTime:0.0000s ]
INFO: [ view_parse ] --START--
INFO: [ template_filter ] --START--
INFO: Run Behavior\ContentReplaceBehavior [ RunTime:0.000000s ]
INFO: [ template_filter ] --END-- [ RunTime:0.001000s ]
NOTIC: [8] Use of undefined constant id - assumed 'id' F:\wamp\www\ykj\Application\Runtime\Cache\Home\924808055458c07e9f4d1040ae4bac5b.php 第 40 行.
NOTIC: [8] Use of undefined constant id - assumed 'id' F:\wamp\www\ykj\Application\Runtime\Cache\Home\924808055458c07e9f4d1040ae4bac5b.php 第 40 行.
NOTIC: [8] Use of undefined constant id - assumed 'id' F:\wamp\www\ykj\Application\Runtime\Cache\Home\924808055458c07e9f4d1040ae4bac5b.php 第 40 行.
INFO: Run Behavior\ParseTemplateBehavior [ RunTime:0.025001s ]
INFO: [ view_parse ] --END-- [ RunTime:0.025001s ]
INFO: [ view_filter ] --START--
INFO: Run Behavior\WriteHtmlCacheBehavior [ RunTime:0.001000s ]
INFO: [ view_filter ] --END-- [ RunTime:0.001000s ]
INFO: [ app_end ] --START--
INFO: Run Behavior\ShowPageTraceBehavior [ RunTime:0.001000s ]
INFO: [ app_end ] --END-- [ RunTime:0.001000s ]

[ 2017-03-21T19:12:04+08:00 ] ::1 /ykj/index.php/Home/Cate/index/id/2
INFO: [ app_init ] --START--
INFO: Run Behavior\BuildLiteBehavior [ RunTime:0.000000s ]
INFO: [ app_init ] --END-- [ RunTime:0.001000s ]
INFO: [ app_begin ] --START--
INFO: Run Behavior\ReadHtmlCacheBehavior [ RunTime:0.002000s ]
INFO: [ app_begin ] --END-- [ RunTime:0.002000s ]
SQL: SHOW COLUMNS FROM `ykj_cate` [ RunTime:0.0040s ]
SQL: SELECT * FROM `ykj_cate` ORDER BY sort  [ RunTime:0.0000s ]
SQL: SHOW COLUMNS FROM `ykj_link` [ RunTime:0.0040s ]
SQL: SELECT * FROM `ykj_link` ORDER BY sort  [ RunTime:0.0000s ]
SQL: SHOW COLUMNS FROM `ykj_article` [ RunTime:0.0040s ]
SQL: SELECT * FROM `ykj_article` LIMIT 5   [ RunTime:0.0010s ]
SQL: SELECT COUNT(*) AS tp_count FROM `ykj_article` WHERE `cateid` = 2 LIMIT 1   [ RunTime:0.0010s ]
SQL: SELECT * FROM `ykj_article` WHERE `cateid` = 2 ORDER BY time desc LIMIT 0,2   [ RunTime:0.0000s ]
INFO: [ view_parse ] --START--
INFO: [ template_filter ] --START--
INFO: Run Behavior\ContentReplaceBehavior [ RunTime:0.001000s ]
INFO: [ template_filter ] --END-- [ RunTime:0.001000s ]
NOTIC: [8] Use of undefined constant id - assumed 'id' F:\wamp\www\ykj\Application\Runtime\Cache\Home\924808055458c07e9f4d1040ae4bac5b.php 第 40 行.
NOTIC: [8] Use of undefined constant id - assumed 'id' F:\wamp\www\ykj\Application\Runtime\Cache\Home\924808055458c07e9f4d1040ae4bac5b.php 第 40 行.
NOTIC: [8] Use of undefined constant id - assumed 'id' F:\wamp\www\ykj\Application\Runtime\Cache\Home\924808055458c07e9f4d1040ae4bac5b.php 第 40 行.
INFO: Run Behavior\ParseTemplateBehavior [ RunTime:0.024001s ]
INFO: [ view_parse ] --END-- [ RunTime:0.024001s ]
INFO: [ view_filter ] --START--
INFO: Run Behavior\WriteHtmlCacheBehavior [ RunTime:0.001000s ]
INFO: [ view_filter ] --END-- [ RunTime:0.001000s ]
INFO: [ app_end ] --START--
INFO: Run Behavior\ShowPageTraceBehavior [ RunTime:0.001000s ]
INFO: [ app_end ] --END-- [ RunTime:0.002000s ]

[ 2017-03-21T19:12:06+08:00 ] ::1 /ykj/index.php/Home/Cate/index/id/4
INFO: [ app_init ] --START--
INFO: Run Behavior\BuildLiteBehavior [ RunTime:0.000000s ]
INFO: [ app_init ] --END-- [ RunTime:0.001000s ]
INFO: [ app_begin ] --START--
INFO: Run Behavior\ReadHtmlCacheBehavior [ RunTime:0.002000s ]
INFO: [ app_begin ] --END-- [ RunTime:0.002000s ]
SQL: SHOW COLUMNS FROM `ykj_cate` [ RunTime:0.0040s ]
SQL: SELECT * FROM `ykj_cate` ORDER BY sort  [ RunTime:0.0000s ]
SQL: SHOW COLUMNS FROM `ykj_link` [ RunTime:0.0030s ]
SQL: SELECT * FROM `ykj_link` ORDER BY sort  [ RunTime:0.0010s ]
SQL: SHOW COLUMNS FROM `ykj_article` [ RunTime:0.0050s ]
SQL: SELECT * FROM `ykj_article` LIMIT 5   [ RunTime:0.0010s ]
SQL: SELECT COUNT(*) AS tp_count FROM `ykj_article` WHERE `cateid` = 4 LIMIT 1   [ RunTime:0.0010s ]
SQL: SELECT * FROM `ykj_article` WHERE `cateid` = 4 ORDER BY time desc LIMIT 0,2   [ RunTime:0.0000s ]
INFO: [ view_parse ] --START--
INFO: [ template_filter ] --START--
INFO: Run Behavior\ContentReplaceBehavior [ RunTime:0.000000s ]
INFO: [ template_filter ] --END-- [ RunTime:0.000000s ]
NOTIC: [8] Use of undefined constant id - assumed 'id' F:\wamp\www\ykj\Application\Runtime\Cache\Home\924808055458c07e9f4d1040ae4bac5b.php 第 40 行.
NOTIC: [8] Use of undefined constant id - assumed 'id' F:\wamp\www\ykj\Application\Runtime\Cache\Home\924808055458c07e9f4d1040ae4bac5b.php 第 40 行.
NOTIC: [8] Use of undefined constant id - assumed 'id' F:\wamp\www\ykj\Application\Runtime\Cache\Home\924808055458c07e9f4d1040ae4bac5b.php 第 40 行.
INFO: Run Behavior\ParseTemplateBehavior [ RunTime:0.026002s ]
INFO: [ view_parse ] --END-- [ RunTime:0.026002s ]
INFO: [ view_filter ] --START--
INFO: Run Behavior\WriteHtmlCacheBehavior [ RunTime:0.001000s ]
INFO: [ view_filter ] --END-- [ RunTime:0.001000s ]
INFO: [ app_end ] --START--
INFO: Run Behavior\ShowPageTraceBehavior [ RunTime:0.000000s ]
INFO: [ app_end ] --END-- [ RunTime:0.002000s ]

[ 2017-03-21T19:12:09+08:00 ] ::1 /ykj/index.php/Home/Article/index/id/1
INFO: [ app_init ] --START--
INFO: Run Behavior\BuildLiteBehavior [ RunTime:0.000000s ]
INFO: [ app_init ] --END-- [ RunTime:0.000000s ]
INFO: [ app_begin ] --START--
INFO: Run Behavior\ReadHtmlCacheBehavior [ RunTime:0.001000s ]
INFO: [ app_begin ] --END-- [ RunTime:0.001000s ]
SQL: SHOW COLUMNS FROM `ykj_cate` [ RunTime:0.0060s ]
SQL: SELECT * FROM `ykj_cate` ORDER BY sort  [ RunTime:0.0000s ]
SQL: SHOW COLUMNS FROM `ykj_link` [ RunTime:0.0070s ]
SQL: SELECT * FROM `ykj_link` ORDER BY sort  [ RunTime:0.0000s ]
SQL: SHOW COLUMNS FROM `ykj_article` [ RunTime:0.0070s ]
SQL: SELECT * FROM `ykj_article` LIMIT 5   [ RunTime:0.0010s ]
SQL: SELECT * FROM `ykj_article` WHERE `id` = 1 LIMIT 1   [ RunTime:0.1290s ]
NOTIC: [8] Undefined variable: cate_id F:\wamp\www\ykj\Application\Home\Controller\ArticleController.class.php 第 8 行.
SQL: SHOW COLUMNS FROM `ykj_cate` [ RunTime:0.0130s ]
SQL: SELECT * FROM `ykj_cate` LIMIT 1   [ RunTime:0.0010s ]
SQL: SELECT * FROM `ykj_article` WHERE `id` = 1 LIMIT 1   [ RunTime:0.0010s ]
SQL: SELECT * FROM `ykj_article` WHERE ( id<1 ) AND `cateid` = 3 ORDER BY id desc LIMIT 1   [ RunTime:0.0240s ]
SQL: SELECT * FROM `ykj_article` WHERE ( id>1 ) AND `cateid` = 3 ORDER BY id asc LIMIT 1   [ RunTime:0.0010s ]
INFO: [ view_parse ] --START--
INFO: [ template_filter ] --START--
INFO: Run Behavior\ContentReplaceBehavior [ RunTime:0.001000s ]
INFO: [ template_filter ] --END-- [ RunTime:0.001000s ]
NOTIC: [8] Use of undefined constant id - assumed 'id' F:\wamp\www\ykj\Application\Runtime\Cache\Home\2ac6c1276904b87404ed678dbabb985c.php 第 42 行.
NOTIC: [8] Undefined variable: current F:\wamp\www\ykj\Application\Runtime\Cache\Home\2ac6c1276904b87404ed678dbabb985c.php 第 42 行.
NOTIC: [8] Use of undefined constant id - assumed 'id' F:\wamp\www\ykj\Application\Runtime\Cache\Home\2ac6c1276904b87404ed678dbabb985c.php 第 42 行.
NOTIC: [8] Undefined variable: current F:\wamp\www\ykj\Application\Runtime\Cache\Home\2ac6c1276904b87404ed678dbabb985c.php 第 42 行.
NOTIC: [8] Use of undefined constant id - assumed 'id' F:\wamp\www\ykj\Application\Runtime\Cache\Home\2ac6c1276904b87404ed678dbabb985c.php 第 42 行.
NOTIC: [8] Undefined variable: current F:\wamp\www\ykj\Application\Runtime\Cache\Home\2ac6c1276904b87404ed678dbabb985c.php 第 42 行.
INFO: Run Behavior\ParseTemplateBehavior [ RunTime:0.083005s ]
INFO: [ view_parse ] --END-- [ RunTime:0.083005s ]
INFO: [ view_filter ] --START--
INFO: Run Behavior\WriteHtmlCacheBehavior [ RunTime:0.001000s ]
INFO: [ view_filter ] --END-- [ RunTime:0.001000s ]
INFO: [ app_end ] --START--
INFO: Run Behavior\ShowPageTraceBehavior [ RunTime:0.001000s ]
INFO: [ app_end ] --END-- [ RunTime:0.001000s ]

[ 2017-03-21T19:12:12+08:00 ] ::1 /ykj/index.php/Home/Article/index/id/2
INFO: [ app_init ] --START--
INFO: Run Behavior\BuildLiteBehavior [ RunTime:0.000000s ]
INFO: [ app_init ] --END-- [ RunTime:0.002000s ]
INFO: [ app_begin ] --START--
INFO: Run Behavior\ReadHtmlCacheBehavior [ RunTime:0.001000s ]
INFO: [ app_begin ] --END-- [ RunTime:0.001000s ]
SQL: SHOW COLUMNS FROM `ykj_cate` [ RunTime:0.0090s ]
SQL: SELECT * FROM `ykj_cate` ORDER BY sort  [ RunTime:0.0010s ]
SQL: SHOW COLUMNS FROM `ykj_link` [ RunTime:0.0300s ]
SQL: SELECT * FROM `ykj_link` ORDER BY sort  [ RunTime:0.0000s ]
SQL: SHOW COLUMNS FROM `ykj_article` [ RunTime:0.0090s ]
SQL: SELECT * FROM `ykj_article` LIMIT 5   [ RunTime:0.0010s ]
SQL: SELECT * FROM `ykj_article` WHERE `id` = 2 LIMIT 1   [ RunTime:0.0000s ]
NOTIC: [8] Undefined variable: cate_id F:\wamp\www\ykj\Application\Home\Controller\ArticleController.class.php 第 8 行.
SQL: SHOW COLUMNS FROM `ykj_cate` [ RunTime:0.0070s ]
SQL: SELECT * FROM `ykj_cate` LIMIT 1   [ RunTime:0.0010s ]
SQL: SELECT * FROM `ykj_article` WHERE `id` = 2 LIMIT 1   [ RunTime:0.0010s ]
SQL: SELECT * FROM `ykj_article` WHERE ( id<2 ) AND `cateid` = 3 ORDER BY id desc LIMIT 1   [ RunTime:0.0000s ]
SQL: SELECT * FROM `ykj_article` WHERE ( id>2 ) AND `cateid` = 3 ORDER BY id asc LIMIT 1   [ RunTime:0.0010s ]
INFO: [ view_parse ] --START--
INFO: [ template_filter ] --START--
INFO: Run Behavior\ContentReplaceBehavior [ RunTime:0.001000s ]
INFO: [ template_filter ] --END-- [ RunTime:0.001000s ]
NOTIC: [8] Use of undefined constant id - assumed 'id' F:\wamp\www\ykj\Application\Runtime\Cache\Home\2ac6c1276904b87404ed678dbabb985c.php 第 42 行.
NOTIC: [8] Undefined variable: current F:\wamp\www\ykj\Application\Runtime\Cache\Home\2ac6c1276904b87404ed678dbabb985c.php 第 42 行.
NOTIC: [8] Use of undefined constant id - assumed 'id' F:\wamp\www\ykj\Application\Runtime\Cache\Home\2ac6c1276904b87404ed678dbabb985c.php 第 42 行.
NOTIC: [8] Undefined variable: current F:\wamp\www\ykj\Application\Runtime\Cache\Home\2ac6c1276904b87404ed678dbabb985c.php 第 42 行.
NOTIC: [8] Use of undefined constant id - assumed 'id' F:\wamp\www\ykj\Application\Runtime\Cache\Home\2ac6c1276904b87404ed678dbabb985c.php 第 42 行.
NOTIC: [8] Undefined variable: current F:\wamp\www\ykj\Application\Runtime\Cache\Home\2ac6c1276904b87404ed678dbabb985c.php 第 42 行.
INFO: Run Behavior\ParseTemplateBehavior [ RunTime:0.033002s ]
INFO: [ view_parse ] --END-- [ RunTime:0.033002s ]
INFO: [ view_filter ] --START--
INFO: Run Behavior\WriteHtmlCacheBehavior [ RunTime:0.001000s ]
INFO: [ view_filter ] --END-- [ RunTime:0.001000s ]
INFO: [ app_end ] --START--
INFO: Run Behavior\ShowPageTraceBehavior [ RunTime:0.001000s ]
INFO: [ app_end ] --END-- [ RunTime:0.002000s ]

[ 2017-03-21T19:12:14+08:00 ] ::1 /ykj/index.php/Home/Article/index/id/1
INFO: [ app_init ] --START--
INFO: Run Behavior\BuildLiteBehavior [ RunTime:0.000000s ]
INFO: [ app_init ] --END-- [ RunTime:0.001000s ]
INFO: [ app_begin ] --START--
INFO: Run Behavior\ReadHtmlCacheBehavior [ RunTime:0.001000s ]
INFO: [ app_begin ] --END-- [ RunTime:0.001000s ]
SQL: SHOW COLUMNS FROM `ykj_cate` [ RunTime:0.0040s ]
SQL: SELECT * FROM `ykj_cate` ORDER BY sort  [ RunTime:0.0000s ]
SQL: SHOW COLUMNS FROM `ykj_link` [ RunTime:0.0040s ]
SQL: SELECT * FROM `ykj_link` ORDER BY sort  [ RunTime:0.0000s ]
SQL: SHOW COLUMNS FROM `ykj_article` [ RunTime:0.0040s ]
SQL: SELECT * FROM `ykj_article` LIMIT 5   [ RunTime:0.0120s ]
SQL: SELECT * FROM `ykj_article` WHERE `id` = 1 LIMIT 1   [ RunTime:0.0010s ]
NOTIC: [8] Undefined variable: cate_id F:\wamp\www\ykj\Application\Home\Controller\ArticleController.class.php 第 8 行.
SQL: SHOW COLUMNS FROM `ykj_cate` [ RunTime:0.0050s ]
SQL: SELECT * FROM `ykj_cate` LIMIT 1   [ RunTime:0.0010s ]
SQL: SELECT * FROM `ykj_article` WHERE `id` = 1 LIMIT 1   [ RunTime:0.0010s ]
SQL: SELECT * FROM `ykj_article` WHERE ( id<1 ) AND `cateid` = 3 ORDER BY id desc LIMIT 1   [ RunTime:0.0010s ]
SQL: SELECT * FROM `ykj_article` WHERE ( id>1 ) AND `cateid` = 3 ORDER BY id asc LIMIT 1   [ RunTime:0.0010s ]
INFO: [ view_parse ] --START--
INFO: [ template_filter ] --START--
INFO: Run Behavior\ContentReplaceBehavior [ RunTime:0.001000s ]
INFO: [ template_filter ] --END-- [ RunTime:0.001000s ]
NOTIC: [8] Use of undefined constant id - assumed 'id' F:\wamp\www\ykj\Application\Runtime\Cache\Home\2ac6c1276904b87404ed678dbabb985c.php 第 42 行.
NOTIC: [8] Undefined variable: current F:\wamp\www\ykj\Application\Runtime\Cache\Home\2ac6c1276904b87404ed678dbabb985c.php 第 42 行.
NOTIC: [8] Use of undefined constant id - assumed 'id' F:\wamp\www\ykj\Application\Runtime\Cache\Home\2ac6c1276904b87404ed678dbabb985c.php 第 42 行.
NOTIC: [8] Undefined variable: current F:\wamp\www\ykj\Application\Runtime\Cache\Home\2ac6c1276904b87404ed678dbabb985c.php 第 42 行.
NOTIC: [8] Use of undefined constant id - assumed 'id' F:\wamp\www\ykj\Application\Runtime\Cache\Home\2ac6c1276904b87404ed678dbabb985c.php 第 42 行.
NOTIC: [8] Undefined variable: current F:\wamp\www\ykj\Application\Runtime\Cache\Home\2ac6c1276904b87404ed678dbabb985c.php 第 42 行.
INFO: Run Behavior\ParseTemplateBehavior [ RunTime:0.025001s ]
INFO: [ view_parse ] --END-- [ RunTime:0.025001s ]
INFO: [ view_filter ] --START--
INFO: Run Behavior\WriteHtmlCacheBehavior [ RunTime:0.001000s ]
INFO: [ view_filter ] --END-- [ RunTime:0.001000s ]
INFO: [ app_end ] --START--
INFO: Run Behavior\ShowPageTraceBehavior [ RunTime:0.002000s ]
INFO: [ app_end ] --END-- [ RunTime:0.002000s ]

[ 2017-03-21T19:12:15+08:00 ] ::1 /ykj/index.php/Home/Article/index/id/3
INFO: [ app_init ] --START--
INFO: Run Behavior\BuildLiteBehavior [ RunTime:0.000000s ]
INFO: [ app_init ] --END-- [ RunTime:0.000000s ]
INFO: [ app_begin ] --START--
INFO: Run Behavior\ReadHtmlCacheBehavior [ RunTime:0.001000s ]
INFO: [ app_begin ] --END-- [ RunTime:0.001000s ]
SQL: SHOW COLUMNS FROM `ykj_cate` [ RunTime:0.0040s ]
SQL: SELECT * FROM `ykj_cate` ORDER BY sort  [ RunTime:0.0000s ]
SQL: SHOW COLUMNS FROM `ykj_link` [ RunTime:0.0040s ]
SQL: SELECT * FROM `ykj_link` ORDER BY sort  [ RunTime:0.0010s ]
SQL: SHOW COLUMNS FROM `ykj_article` [ RunTime:0.0050s ]
SQL: SELECT * FROM `ykj_article` LIMIT 5   [ RunTime:0.0010s ]
SQL: SELECT * FROM `ykj_article` WHERE `id` = 3 LIMIT 1   [ RunTime:0.0000s ]
NOTIC: [8] Undefined variable: cate_id F:\wamp\www\ykj\Application\Home\Controller\ArticleController.class.php 第 8 行.
SQL: SHOW COLUMNS FROM `ykj_cate` [ RunTime:0.0170s ]
SQL: SELECT * FROM `ykj_cate` LIMIT 1   [ RunTime:0.0000s ]
SQL: SELECT * FROM `ykj_article` WHERE `id` = 3 LIMIT 1   [ RunTime:0.0000s ]
SQL: SELECT * FROM `ykj_article` WHERE ( id<3 ) AND `cateid` = 4 ORDER BY id desc LIMIT 1   [ RunTime:0.0000s ]
SQL: SELECT * FROM `ykj_article` WHERE ( id>3 ) AND `cateid` = 4 ORDER BY id asc LIMIT 1   [ RunTime:0.0000s ]
INFO: [ view_parse ] --START--
INFO: [ template_filter ] --START--
INFO: Run Behavior\ContentReplaceBehavior [ RunTime:0.000000s ]
INFO: [ template_filter ] --END-- [ RunTime:0.000000s ]
NOTIC: [8] Use of undefined constant id - assumed 'id' F:\wamp\www\ykj\Application\Runtime\Cache\Home\2ac6c1276904b87404ed678dbabb985c.php 第 42 行.
NOTIC: [8] Undefined variable: current F:\wamp\www\ykj\Application\Runtime\Cache\Home\2ac6c1276904b87404ed678dbabb985c.php 第 42 行.
NOTIC: [8] Use of undefined constant id - assumed 'id' F:\wamp\www\ykj\Application\Runtime\Cache\Home\2ac6c1276904b87404ed678dbabb985c.php 第 42 行.
NOTIC: [8] Undefined variable: current F:\wamp\www\ykj\Application\Runtime\Cache\Home\2ac6c1276904b87404ed678dbabb985c.php 第 42 行.
NOTIC: [8] Use of undefined constant id - assumed 'id' F:\wamp\www\ykj\Application\Runtime\Cache\Home\2ac6c1276904b87404ed678dbabb985c.php 第 42 行.
NOTIC: [8] Undefined variable: current F:\wamp\www\ykj\Application\Runtime\Cache\Home\2ac6c1276904b87404ed678dbabb985c.php 第 42 行.
INFO: Run Behavior\ParseTemplateBehavior [ RunTime:0.025001s ]
INFO: [ view_parse ] --END-- [ RunTime:0.025001s ]
INFO: [ view_filter ] --START--
INFO: Run Behavior\WriteHtmlCacheBehavior [ RunTime:0.001000s ]
INFO: [ view_filter ] --END-- [ RunTime:0.001000s ]
INFO: [ app_end ] --START--
INFO: Run Behavior\ShowPageTraceBehavior [ RunTime:0.001000s ]
INFO: [ app_end ] --END-- [ RunTime:0.001000s ]

[ 2017-03-21T19:12:38+08:00 ] ::1 /ykj/index.php/Home/Cate/index/id/1
INFO: [ app_init ] --START--
INFO: Run Behavior\BuildLiteBehavior [ RunTime:0.000000s ]
INFO: [ app_init ] --END-- [ RunTime:0.001000s ]
INFO: [ app_begin ] --START--
INFO: Run Behavior\ReadHtmlCacheBehavior [ RunTime:0.001000s ]
INFO: [ app_begin ] --END-- [ RunTime:0.001000s ]
SQL: SHOW COLUMNS FROM `ykj_cate` [ RunTime:0.0150s ]
SQL: SELECT * FROM `ykj_cate` ORDER BY sort  [ RunTime:0.0000s ]
SQL: SHOW COLUMNS FROM `ykj_link` [ RunTime:0.0340s ]
SQL: SELECT * FROM `ykj_link` ORDER BY sort  [ RunTime:0.0010s ]
SQL: SHOW COLUMNS FROM `ykj_article` [ RunTime:0.0070s ]
SQL: SELECT * FROM `ykj_article` LIMIT 5   [ RunTime:0.0010s ]
SQL: SELECT COUNT(*) AS tp_count FROM `ykj_article` WHERE `cateid` = 1 LIMIT 1   [ RunTime:0.0000s ]
SQL: SELECT * FROM `ykj_article` WHERE `cateid` = 1 ORDER BY time desc LIMIT 0,2   [ RunTime:0.0010s ]
INFO: [ view_parse ] --START--
INFO: [ template_filter ] --START--
INFO: Run Behavior\ContentReplaceBehavior [ RunTime:0.000000s ]
INFO: [ template_filter ] --END-- [ RunTime:0.001000s ]
NOTIC: [8] Use of undefined constant id - assumed 'id' F:\wamp\www\ykj\Application\Runtime\Cache\Home\924808055458c07e9f4d1040ae4bac5b.php 第 40 行.
NOTIC: [8] Use of undefined constant id - assumed 'id' F:\wamp\www\ykj\Application\Runtime\Cache\Home\924808055458c07e9f4d1040ae4bac5b.php 第 40 行.
NOTIC: [8] Use of undefined constant id - assumed 'id' F:\wamp\www\ykj\Application\Runtime\Cache\Home\924808055458c07e9f4d1040ae4bac5b.php 第 40 行.
INFO: Run Behavior\ParseTemplateBehavior [ RunTime:0.026002s ]
INFO: [ view_parse ] --END-- [ RunTime:0.026002s ]
INFO: [ view_filter ] --START--
INFO: Run Behavior\WriteHtmlCacheBehavior [ RunTime:0.001000s ]
INFO: [ view_filter ] --END-- [ RunTime:0.001000s ]
INFO: [ app_end ] --START--
INFO: Run Behavior\ShowPageTraceBehavior [ RunTime:0.001000s ]
INFO: [ app_end ] --END-- [ RunTime:0.001000s ]

[ 2017-03-21T19:13:18+08:00 ] ::1 /ykj/index.php/Home/Cate/index/id/2
INFO: [ app_init ] --START--
INFO: Run Behavior\BuildLiteBehavior [ RunTime:0.000000s ]
INFO: [ app_init ] --END-- [ RunTime:0.001000s ]
INFO: [ app_begin ] --START--
INFO: Run Behavior\ReadHtmlCacheBehavior [ RunTime:0.001000s ]
INFO: [ app_begin ] --END-- [ RunTime:0.001000s ]
SQL: SHOW COLUMNS FROM `ykj_cate` [ RunTime:0.0060s ]
SQL: SELECT * FROM `ykj_cate` ORDER BY sort  [ RunTime:0.0010s ]
SQL: SHOW COLUMNS FROM `ykj_link` [ RunTime:0.0060s ]
SQL: SELECT * FROM `ykj_link` ORDER BY sort  [ RunTime:0.0010s ]
SQL: SHOW COLUMNS FROM `ykj_article` [ RunTime:0.0070s ]
SQL: SELECT * FROM `ykj_article` LIMIT 5   [ RunTime:0.0010s ]
SQL: SELECT COUNT(*) AS tp_count FROM `ykj_article` WHERE `cateid` = 2 LIMIT 1   [ RunTime:0.0000s ]
SQL: SELECT * FROM `ykj_article` WHERE `cateid` = 2 ORDER BY time desc LIMIT 0,2   [ RunTime:0.0000s ]
INFO: [ view_parse ] --START--
INFO: [ template_filter ] --START--
INFO: Run Behavior\ContentReplaceBehavior [ RunTime:0.000000s ]
INFO: [ template_filter ] --END-- [ RunTime:0.000000s ]
NOTIC: [8] Use of undefined constant id - assumed 'id' F:\wamp\www\ykj\Application\Runtime\Cache\Home\924808055458c07e9f4d1040ae4bac5b.php 第 40 行.
NOTIC: [8] Use of undefined constant id - assumed 'id' F:\wamp\www\ykj\Application\Runtime\Cache\Home\924808055458c07e9f4d1040ae4bac5b.php 第 40 行.
NOTIC: [8] Use of undefined constant id - assumed 'id' F:\wamp\www\ykj\Application\Runtime\Cache\Home\924808055458c07e9f4d1040ae4bac5b.php 第 40 行.
INFO: Run Behavior\ParseTemplateBehavior [ RunTime:0.025002s ]
INFO: [ view_parse ] --END-- [ RunTime:0.025002s ]
INFO: [ view_filter ] --START--
INFO: Run Behavior\WriteHtmlCacheBehavior [ RunTime:0.001000s ]
INFO: [ view_filter ] --END-- [ RunTime:0.001000s ]
INFO: [ app_end ] --START--
INFO: Run Behavior\ShowPageTraceBehavior [ RunTime:0.001000s ]
INFO: [ app_end ] --END-- [ RunTime:0.001000s ]

[ 2017-03-21T19:13:20+08:00 ] ::1 /ykj/index.php/Home/Cate/index/id/4
INFO: [ app_init ] --START--
INFO: Run Behavior\BuildLiteBehavior [ RunTime:0.000000s ]
INFO: [ app_init ] --END-- [ RunTime:0.001000s ]
INFO: [ app_begin ] --START--
INFO: Run Behavior\ReadHtmlCacheBehavior [ RunTime:0.001000s ]
INFO: [ app_begin ] --END-- [ RunTime:0.001000s ]
SQL: SHOW COLUMNS FROM `ykj_cate` [ RunTime:0.0140s ]
SQL: SELECT * FROM `ykj_cate` ORDER BY sort  [ RunTime:0.0020s ]
SQL: SHOW COLUMNS FROM `ykj_link` [ RunTime:0.0140s ]
SQL: SELECT * FROM `ykj_link` ORDER BY sort  [ RunTime:0.0010s ]
SQL: SHOW COLUMNS FROM `ykj_article` [ RunTime:0.0080s ]
SQL: SELECT * FROM `ykj_article` LIMIT 5   [ RunTime:0.0010s ]
SQL: SELECT COUNT(*) AS tp_count FROM `ykj_article` WHERE `cateid` = 4 LIMIT 1   [ RunTime:0.0000s ]
SQL: SELECT * FROM `ykj_article` WHERE `cateid` = 4 ORDER BY time desc LIMIT 0,2   [ RunTime:0.0010s ]
INFO: [ view_parse ] --START--
INFO: [ template_filter ] --START--
INFO: Run Behavior\ContentReplaceBehavior [ RunTime:0.001000s ]
INFO: [ template_filter ] --END-- [ RunTime:0.001000s ]
NOTIC: [8] Use of undefined constant id - assumed 'id' F:\wamp\www\ykj\Application\Runtime\Cache\Home\924808055458c07e9f4d1040ae4bac5b.php 第 40 行.
NOTIC: [8] Use of undefined constant id - assumed 'id' F:\wamp\www\ykj\Application\Runtime\Cache\Home\924808055458c07e9f4d1040ae4bac5b.php 第 40 行.
NOTIC: [8] Use of undefined constant id - assumed 'id' F:\wamp\www\ykj\Application\Runtime\Cache\Home\924808055458c07e9f4d1040ae4bac5b.php 第 40 行.
INFO: Run Behavior\ParseTemplateBehavior [ RunTime:0.028001s ]
INFO: [ view_parse ] --END-- [ RunTime:0.030001s ]
INFO: [ view_filter ] --START--
INFO: Run Behavior\WriteHtmlCacheBehavior [ RunTime:0.000000s ]
INFO: [ view_filter ] --END-- [ RunTime:0.001000s ]
INFO: [ app_end ] --START--
INFO: Run Behavior\ShowPageTraceBehavior [ RunTime:0.001000s ]
INFO: [ app_end ] --END-- [ RunTime:0.001000s ]

[ 2017-03-21T19:13:27+08:00 ] ::1 /ykj/index.php/Home/Cate/index/id/2
INFO: [ app_init ] --START--
INFO: Run Behavior\BuildLiteBehavior [ RunTime:0.000000s ]
INFO: [ app_init ] --END-- [ RunTime:0.000000s ]
INFO: [ app_begin ] --START--
INFO: Run Behavior\ReadHtmlCacheBehavior [ RunTime:0.001000s ]
INFO: [ app_begin ] --END-- [ RunTime:0.001000s ]
SQL: SHOW COLUMNS FROM `ykj_cate` [ RunTime:0.0040s ]
SQL: SELECT * FROM `ykj_cate` ORDER BY sort  [ RunTime:0.0000s ]
SQL: SHOW COLUMNS FROM `ykj_link` [ RunTime:0.0040s ]
SQL: SELECT * FROM `ykj_link` ORDER BY sort  [ RunTime:0.0010s ]
SQL: SHOW COLUMNS FROM `ykj_article` [ RunTime:0.0040s ]
SQL: SELECT * FROM `ykj_article` LIMIT 5   [ RunTime:0.0010s ]
SQL: SELECT COUNT(*) AS tp_count FROM `ykj_article` WHERE `cateid` = 2 LIMIT 1   [ RunTime:0.0010s ]
SQL: SELECT * FROM `ykj_article` WHERE `cateid` = 2 ORDER BY time desc LIMIT 0,2   [ RunTime:0.0000s ]
INFO: [ view_parse ] --START--
INFO: [ template_filter ] --START--
INFO: Run Behavior\ContentReplaceBehavior [ RunTime:0.001000s ]
INFO: [ template_filter ] --END-- [ RunTime:0.001000s ]
NOTIC: [8] Use of undefined constant id - assumed 'id' F:\wamp\www\ykj\Application\Runtime\Cache\Home\924808055458c07e9f4d1040ae4bac5b.php 第 40 行.
NOTIC: [8] Use of undefined constant id - assumed 'id' F:\wamp\www\ykj\Application\Runtime\Cache\Home\924808055458c07e9f4d1040ae4bac5b.php 第 40 行.
NOTIC: [8] Use of undefined constant id - assumed 'id' F:\wamp\www\ykj\Application\Runtime\Cache\Home\924808055458c07e9f4d1040ae4bac5b.php 第 40 行.
INFO: Run Behavior\ParseTemplateBehavior [ RunTime:0.024001s ]
INFO: [ view_parse ] --END-- [ RunTime:0.025001s ]
INFO: [ view_filter ] --START--
INFO: Run Behavior\WriteHtmlCacheBehavior [ RunTime:0.001000s ]
INFO: [ view_filter ] --END-- [ RunTime:0.001000s ]
INFO: [ app_end ] --START--
INFO: Run Behavior\ShowPageTraceBehavior [ RunTime:0.001000s ]
INFO: [ app_end ] --END-- [ RunTime:0.001000s ]

[ 2017-03-21T19:13:28+08:00 ] ::1 /ykj/index.php/Home/Cate/index/id/1
INFO: [ app_init ] --START--
INFO: Run Behavior\BuildLiteBehavior [ RunTime:0.000000s ]
INFO: [ app_init ] --END-- [ RunTime:0.002000s ]
INFO: [ app_begin ] --START--
INFO: Run Behavior\ReadHtmlCacheBehavior [ RunTime:0.001000s ]
INFO: [ app_begin ] --END-- [ RunTime:0.002000s ]
SQL: SHOW COLUMNS FROM `ykj_cate` [ RunTime:0.0140s ]
SQL: SELECT * FROM `ykj_cate` ORDER BY sort  [ RunTime:0.0010s ]
SQL: SHOW COLUMNS FROM `ykj_link` [ RunTime:0.0120s ]
SQL: SELECT * FROM `ykj_link` ORDER BY sort  [ RunTime:0.0010s ]
SQL: SHOW COLUMNS FROM `ykj_article` [ RunTime:0.0090s ]
SQL: SELECT * FROM `ykj_article` LIMIT 5   [ RunTime:0.0010s ]
SQL: SELECT COUNT(*) AS tp_count FROM `ykj_article` WHERE `cateid` = 1 LIMIT 1   [ RunTime:0.0000s ]
SQL: SELECT * FROM `ykj_article` WHERE `cateid` = 1 ORDER BY time desc LIMIT 0,2   [ RunTime:0.0010s ]
INFO: [ view_parse ] --START--
INFO: [ template_filter ] --START--
INFO: Run Behavior\ContentReplaceBehavior [ RunTime:0.000000s ]
INFO: [ template_filter ] --END-- [ RunTime:0.001000s ]
NOTIC: [8] Use of undefined constant id - assumed 'id' F:\wamp\www\ykj\Application\Runtime\Cache\Home\924808055458c07e9f4d1040ae4bac5b.php 第 40 行.
NOTIC: [8] Use of undefined constant id - assumed 'id' F:\wamp\www\ykj\Application\Runtime\Cache\Home\924808055458c07e9f4d1040ae4bac5b.php 第 40 行.
NOTIC: [8] Use of undefined constant id - assumed 'id' F:\wamp\www\ykj\Application\Runtime\Cache\Home\924808055458c07e9f4d1040ae4bac5b.php 第 40 行.
INFO: Run Behavior\ParseTemplateBehavior [ RunTime:0.032002s ]
INFO: [ view_parse ] --END-- [ RunTime:0.032002s ]
INFO: [ view_filter ] --START--
INFO: Run Behavior\WriteHtmlCacheBehavior [ RunTime:0.001000s ]
INFO: [ view_filter ] --END-- [ RunTime:0.001000s ]
INFO: [ app_end ] --START--
INFO: Run Behavior\ShowPageTraceBehavior [ RunTime:0.001000s ]
INFO: [ app_end ] --END-- [ RunTime:0.001000s ]

